<?xml version="1.0" encoding="UTF-8"?>
<testsuite name="com.example.refactoring_main.join_test.InterestedPartyTests" tests="1" skipped="0" failures="0" errors="0" timestamp="2024-10-15T12:21:25" hostname="KYU" time="0.765">
  <properties/>
  <testcase name="findInterestedPartyList()" classname="com.example.refactoring_main.join_test.InterestedPartyTests" time="0.765"/>
  <system-out><![CDATA[21:21:19.222 [Test worker] INFO org.springframework.test.context.support.AnnotationConfigContextLoaderUtils -- Could not detect default configuration classes for test class [com.example.refactoring_main.join_test.InterestedPartyTests]: InterestedPartyTests does not declare any static, non-private, non-final, nested classes annotated with @Configuration.
21:21:19.350 [Test worker] INFO org.springframework.boot.test.context.SpringBootTestContextBootstrapper -- Found @SpringBootConfiguration com.example.refactoring_main.RefactoringMainApplication for test class com.example.refactoring_main.join_test.InterestedPartyTests

  .   ____          _            __ _ _
 /\\ / ___'_ __ _ _(_)_ __  __ _ \ \ \ \
( ( )\___ | '_ | '_| | '_ \/ _` | \ \ \ \
 \\/  ___)| |_)| | | | | || (_| |  ) ) ) )
  '  |____| .__|_| |_|_| |_\__, | / / / /
 =========|_|==============|___/=/_/_/_/

 :: Spring Boot ::                (v3.3.4)

2024-10-15T21:21:19.878+09:00  INFO 19548 --- [    Test worker] c.e.r.join_test.InterestedPartyTests     : Starting InterestedPartyTests using Java 17.0.12 with PID 19548 (started by JongKyu in C:\Users\JongKyu\Documents\GitHub\refactoring_main_server)
2024-10-15T21:21:19.879+09:00  INFO 19548 --- [    Test worker] c.e.r.join_test.InterestedPartyTests     : No active profile set, falling back to 1 default profile: "default"
2024-10-15T21:21:20.890+09:00  INFO 19548 --- [    Test worker] .s.d.r.c.RepositoryConfigurationDelegate : Bootstrapping Spring Data JPA repositories in DEFAULT mode.
2024-10-15T21:21:21.110+09:00  INFO 19548 --- [    Test worker] .s.d.r.c.RepositoryConfigurationDelegate : Finished Spring Data repository scanning in 204 ms. Found 3 JPA repository interfaces.
2024-10-15T21:21:21.750+09:00  INFO 19548 --- [    Test worker] o.hibernate.jpa.internal.util.LogHelper  : HHH000204: Processing PersistenceUnitInfo [name: default]
2024-10-15T21:21:21.841+09:00  INFO 19548 --- [    Test worker] org.hibernate.Version                    : HHH000412: Hibernate ORM core version 6.5.3.Final
2024-10-15T21:21:21.894+09:00  INFO 19548 --- [    Test worker] o.h.c.internal.RegionFactoryInitiator    : HHH000026: Second-level cache disabled
2024-10-15T21:21:22.322+09:00  INFO 19548 --- [    Test worker] o.s.o.j.p.SpringPersistenceUnitInfo      : No LoadTimeWeaver setup: ignoring JPA class transformer
2024-10-15T21:21:22.365+09:00  INFO 19548 --- [    Test worker] com.zaxxer.hikari.HikariDataSource       : HikariPool-1 - Starting...
2024-10-15T21:21:22.458+09:00  INFO 19548 --- [    Test worker] com.zaxxer.hikari.pool.HikariPool        : HikariPool-1 - Added connection conn0: url=jdbc:h2:tcp://localhost/~/test user=SA
2024-10-15T21:21:22.461+09:00  INFO 19548 --- [    Test worker] com.zaxxer.hikari.HikariDataSource       : HikariPool-1 - Start completed.
2024-10-15T21:21:23.556+09:00  INFO 19548 --- [    Test worker] j.LocalContainerEntityManagerFactoryBean : Initialized JPA EntityManagerFactory for persistence unit 'default'
2024-10-15T21:21:23.910+09:00  INFO 19548 --- [    Test worker] c.e.refactoring_main.config.CorsConfig   : ###############필터 작동####################
2024-10-15T21:21:24.199+09:00  WARN 19548 --- [    Test worker] JpaBaseConfiguration$JpaWebConfiguration : spring.jpa.open-in-view is enabled by default. Therefore, database queries may be performed during view rendering. Explicitly configure spring.jpa.open-in-view to disable this warning
2024-10-15T21:21:24.228+09:00  INFO 19548 --- [    Test worker] r$InitializeUserDetailsManagerConfigurer : Global AuthenticationManager configured with UserDetailsService bean with name customerDetailsService
2024-10-15T21:21:24.320+09:00  INFO 19548 --- [    Test worker] o.s.b.a.w.s.WelcomePageHandlerMapping    : Adding welcome page: class path resource [static/index.html]
2024-10-15T21:21:25.095+09:00  INFO 19548 --- [    Test worker] c.e.r.join_test.InterestedPartyTests     : Started InterestedPartyTests in 5.548 seconds (process running for 6.75)
Hibernate: select ip1_0.id,ip1_0.group_id,ip1_0.member_id from InterestedParty_Entity ip1_0 where ip1_0.group_id=?
Hibernate: select g1_0.id,g1_0.groupName from Group_Entity g1_0 where g1_0.id=?
Hibernate: select m1_0.id,m1_0.createDate,m1_0.gender,g1_0.id,g1_0.groupName,m1_0.name,m1_0.password,m1_0.provider,m1_0.providerId,m1_0.role,m1_0.username from Member_Entity m1_0 left join Group_Entity g1_0 on g1_0.id=m1_0.group_id where m1_0.id=?
####
Hibernate: select m1_0.group_id,m1_0.id,m1_0.createDate,m1_0.gender,m1_0.name,m1_0.password,m1_0.provider,m1_0.providerId,m1_0.role,m1_0.username from Member_Entity m1_0 where m1_0.group_id=?
Group(id=1, groupName=샘플 파티, members=[Member(id=1, username=kjk9104, password=$2a$10$Kf2AbFcW3MDYhjDELNkp..dCxSGa5Nnd30JBvIG.J4TkAvJVT7XiC, name=null, role=ROLE_LEADER, gender=male, provider=null, providerId=null, createDate=2024-10-15 21:14:09.32633)])
Member(id=2, username=wlsqmdl, password=$2a$10$7/0nHzr/65EHXd5jbWmqzOfSGqWpkwl/K66J5esNoodYYMVuXc03q, name=null, role=ROLE_USER, gender=male, provider=null, providerId=null, createDate=2024-10-15 21:14:32.513994)
####
Group(id=1, groupName=샘플 파티, members=[Member(id=1, username=kjk9104, password=$2a$10$Kf2AbFcW3MDYhjDELNkp..dCxSGa5Nnd30JBvIG.J4TkAvJVT7XiC, name=null, role=ROLE_LEADER, gender=male, provider=null, providerId=null, createDate=2024-10-15 21:14:09.32633)])
Member(id=2, username=wlsqmdl, password=$2a$10$7/0nHzr/65EHXd5jbWmqzOfSGqWpkwl/K66J5esNoodYYMVuXc03q, name=null, role=ROLE_USER, gender=male, provider=null, providerId=null, createDate=2024-10-15 21:14:32.513994)
]]></system-out>
  <system-err><![CDATA[]]></system-err>
</testsuite>
