<?xml version="1.0" encoding="UTF-8"?>
<testsuite name="com.example.refactoring_main.RefactoringMainApplicationTests" tests="1" skipped="0" failures="0" errors="0" timestamp="2024-10-16T02:25:07" hostname="KYU" time="0.559">
  <properties/>
  <testcase name="contextLoads()" classname="com.example.refactoring_main.RefactoringMainApplicationTests" time="0.559"/>
  <system-out><![CDATA[11:25:02.699 [Test worker] INFO org.springframework.test.context.support.AnnotationConfigContextLoaderUtils -- Could not detect default configuration classes for test class [com.example.refactoring_main.RefactoringMainApplicationTests]: RefactoringMainApplicationTests does not declare any static, non-private, non-final, nested classes annotated with @Configuration.
11:25:02.799 [Test worker] INFO org.springframework.boot.test.context.SpringBootTestContextBootstrapper -- Found @SpringBootConfiguration com.example.refactoring_main.RefactoringMainApplication for test class com.example.refactoring_main.RefactoringMainApplicationTests

  .   ____          _            __ _ _
 /\\ / ___'_ __ _ _(_)_ __  __ _ \ \ \ \
( ( )\___ | '_ | '_| | '_ \/ _` | \ \ \ \
 \\/  ___)| |_)| | | | | || (_| |  ) ) ) )
  '  |____| .__|_| |_|_| |_\__, | / / / /
 =========|_|==============|___/=/_/_/_/

 :: Spring Boot ::                (v3.3.4)

2024-10-16T11:25:03.204+09:00  INFO 19064 --- [    Test worker] c.e.r.RefactoringMainApplicationTests    : Starting RefactoringMainApplicationTests using Java 17.0.12 with PID 19064 (started by JongKyu in C:\Users\JongKyu\Documents\GitHub\refactoring_main_server)
2024-10-16T11:25:03.205+09:00  INFO 19064 --- [    Test worker] c.e.r.RefactoringMainApplicationTests    : No active profile set, falling back to 1 default profile: "default"
2024-10-16T11:25:03.884+09:00  INFO 19064 --- [    Test worker] .s.d.r.c.RepositoryConfigurationDelegate : Bootstrapping Spring Data JPA repositories in DEFAULT mode.
2024-10-16T11:25:04.036+09:00  INFO 19064 --- [    Test worker] .s.d.r.c.RepositoryConfigurationDelegate : Finished Spring Data repository scanning in 144 ms. Found 3 JPA repository interfaces.
2024-10-16T11:25:04.662+09:00  INFO 19064 --- [    Test worker] o.hibernate.jpa.internal.util.LogHelper  : HHH000204: Processing PersistenceUnitInfo [name: default]
2024-10-16T11:25:04.755+09:00  INFO 19064 --- [    Test worker] org.hibernate.Version                    : HHH000412: Hibernate ORM core version 6.5.3.Final
2024-10-16T11:25:04.811+09:00  INFO 19064 --- [    Test worker] o.h.c.internal.RegionFactoryInitiator    : HHH000026: Second-level cache disabled
2024-10-16T11:25:05.242+09:00  INFO 19064 --- [    Test worker] o.s.o.j.p.SpringPersistenceUnitInfo      : No LoadTimeWeaver setup: ignoring JPA class transformer
2024-10-16T11:25:05.287+09:00  INFO 19064 --- [    Test worker] com.zaxxer.hikari.HikariDataSource       : HikariPool-1 - Starting...
2024-10-16T11:25:05.370+09:00  INFO 19064 --- [    Test worker] com.zaxxer.hikari.pool.HikariPool        : HikariPool-1 - Added connection conn0: url=jdbc:h2:tcp://localhost/~/test user=SA
2024-10-16T11:25:05.372+09:00  INFO 19064 --- [    Test worker] com.zaxxer.hikari.HikariDataSource       : HikariPool-1 - Start completed.
2024-10-16T11:25:06.454+09:00  INFO 19064 --- [    Test worker] j.LocalContainerEntityManagerFactoryBean : Initialized JPA EntityManagerFactory for persistence unit 'default'
2024-10-16T11:25:06.795+09:00  INFO 19064 --- [    Test worker] c.e.refactoring_main.config.CorsConfig   : ###############필터 작동####################
2024-10-16T11:25:07.076+09:00  WARN 19064 --- [    Test worker] JpaBaseConfiguration$JpaWebConfiguration : spring.jpa.open-in-view is enabled by default. Therefore, database queries may be performed during view rendering. Explicitly configure spring.jpa.open-in-view to disable this warning
2024-10-16T11:25:07.100+09:00  INFO 19064 --- [    Test worker] r$InitializeUserDetailsManagerConfigurer : Global AuthenticationManager configured with UserDetailsService bean with name customerDetailsService
2024-10-16T11:25:07.186+09:00  INFO 19064 --- [    Test worker] o.s.b.a.w.s.WelcomePageHandlerMapping    : Adding welcome page: class path resource [static/index.html]
2024-10-16T11:25:07.891+09:00  INFO 19064 --- [    Test worker] c.e.r.RefactoringMainApplicationTests    : Started RefactoringMainApplicationTests in 4.934 seconds (process running for 6.008)
]]></system-out>
  <system-err><![CDATA[]]></system-err>
</testsuite>
